01:23:37.448 [main] INFO  ChargingStationLogger - EnergySource changed to: WIND
01:23:37.449 [main] INFO  ChargingStationLogger - Weather changed to: CLOUDY
01:23:37.450 [main] INFO  ChargingStationLogger - EnergySource changed to: WIND
01:23:37.450 [main] INFO  ChargingStationLogger - Weather changed to: CLOUDY
01:23:37.450 [main] INFO  ChargingStationLogger - EnergySource changed to: ELECTRICITY
01:23:37.450 [main] INFO  ChargingStationLogger - Weather changed to: RAINING
14:45:47.065 [Thread-8] INFO  ChargingStationLogger - Car ID#11 is charging!
14:45:47.065 [Thread-12] INFO  ChargingStationLogger - Car ID#21 is charging!
14:45:47.065 [Thread-16] INFO  ChargingStationLogger - Car ID#31 is charging!
14:45:48.263 [Thread-16] INFO  ChargingStationLogger - Car ID#32 is charging!
14:45:51.742 [Thread-16] INFO  ChargingStationLogger - Car ID#33 is charging!
14:45:52.749 [Thread-12] INFO  ChargingStationLogger - Car ID#22 is charging!
14:45:52.883 [Thread-11] INFO  ChargingStationLogger - EnergySource changed to: SOLAR
14:45:52.883 [Thread-11] INFO  ChargingStationLogger - Weather changed to: SUNNY
14:45:54.968 [Thread-16] INFO  ChargingStationLogger - No charging spot is available now, waiting....
14:45:55.021 [Thread-8] INFO  ChargingStationLogger - Car ID#12 is charging!
14:45:55.509 [Thread-7] INFO  ChargingStationLogger - EnergySource changed to: GAS
14:45:55.510 [Thread-7] INFO  ChargingStationLogger - Weather changed to: SNOWING
14:45:57.652 [Thread-12] INFO  ChargingStationLogger - Car ID#23 is charging!
14:45:58.210 [Thread-8] INFO  ChargingStationLogger - Car ID#13 is charging!
14:46:00.037 [Thread-8] INFO  ChargingStationLogger - Car ID#14 is charging!
14:46:00.869 [Thread-11] INFO  ChargingStationLogger - EnergySource changed to: GAS
14:46:00.870 [Thread-11] INFO  ChargingStationLogger - Weather changed to: SNOWING
14:46:01.580 [Thread-12] INFO  ChargingStationLogger - No charging spot is available now, waiting....
14:46:02.379 [Thread-15] INFO  ChargingStationLogger - EnergySource changed to: SOLAR
14:46:02.380 [Thread-15] INFO  ChargingStationLogger - Weather changed to: SUNNY
14:46:03.931 [Thread-8] INFO  ChargingStationLogger - No charging spot is available now, waiting....
14:46:08.989 [Thread-7] INFO  ChargingStationLogger - EnergySource changed to: SOLAR
14:46:08.989 [Thread-7] INFO  ChargingStationLogger - Weather changed to: SUNNY
14:46:12.681 [Thread-11] INFO  ChargingStationLogger - EnergySource changed to: ELECTRICITY
14:46:12.681 [Thread-11] INFO  ChargingStationLogger - Weather changed to: RAINING
14:46:20.569 [Thread-15] INFO  ChargingStationLogger - EnergySource changed to: GAS
14:46:20.569 [Thread-15] INFO  ChargingStationLogger - Weather changed to: SNOWING
14:46:23.177 [Thread-7] INFO  ChargingStationLogger - EnergySource changed to: ELECTRICITY
14:46:23.177 [Thread-7] INFO  ChargingStationLogger - Weather changed to: RAINING
14:46:23.758 [Thread-11] INFO  ChargingStationLogger - EnergySource changed to: SOLAR
14:46:23.758 [Thread-11] INFO  ChargingStationLogger - Weather changed to: SUNNY
14:46:26.183 [Thread-15] INFO  ChargingStationLogger - EnergySource changed to: ELECTRICITY
14:46:26.183 [Thread-15] INFO  ChargingStationLogger - Weather changed to: RAINING
14:46:30.686 [Thread-11] INFO  ChargingStationLogger - EnergySource changed to: ELECTRICITY
14:46:30.686 [Thread-11] INFO  ChargingStationLogger - Weather changed to: RAINING
14:46:34.327 [Thread-7] INFO  ChargingStationLogger - EnergySource changed to: ELECTRICITY
14:46:34.327 [Thread-7] INFO  ChargingStationLogger - Weather changed to: RAINING
14:46:37.068 [Thread-12] INFO  ChargingStationLogger - Car ID#24 is charging!
14:46:37.173 [Thread-15] INFO  ChargingStationLogger - EnergySource changed to: GAS
14:46:37.173 [Thread-15] INFO  ChargingStationLogger - Weather changed to: SNOWING
14:46:41.570 [Thread-7] INFO  ChargingStationLogger - EnergySource changed to: WIND
14:46:41.570 [Thread-7] INFO  ChargingStationLogger - Weather changed to: WINDY
14:46:43.006 [Thread-12] INFO  ChargingStationLogger - No charging spot is available now, waiting....
14:46:46.483 [Thread-11] INFO  ChargingStationLogger - EnergySource changed to: ELECTRICITY
14:46:46.483 [Thread-11] INFO  ChargingStationLogger - Weather changed to: RAINING
14:46:49.077 [Thread-7] INFO  ChargingStationLogger - EnergySource changed to: ELECTRICITY
14:46:49.077 [Thread-7] INFO  ChargingStationLogger - Weather changed to: RAINING
14:46:52.759 [Thread-15] INFO  ChargingStationLogger - EnergySource changed to: ELECTRICITY
14:46:52.759 [Thread-15] INFO  ChargingStationLogger - Weather changed to: RAINING
14:46:54.107 [Thread-11] INFO  ChargingStationLogger - EnergySource changed to: GAS
14:46:54.107 [Thread-11] INFO  ChargingStationLogger - Weather changed to: SNOWING
14:46:59.641 [Thread-15] INFO  ChargingStationLogger - EnergySource changed to: SOLAR
14:46:59.642 [Thread-15] INFO  ChargingStationLogger - Weather changed to: SUNNY
14:46:59.929 [Thread-11] INFO  ChargingStationLogger - EnergySource changed to: WIND
14:46:59.929 [Thread-11] INFO  ChargingStationLogger - Weather changed to: CLOUDY
14:47:00.868 [Thread-7] INFO  ChargingStationLogger - EnergySource changed to: SOLAR
14:47:00.868 [Thread-7] INFO  ChargingStationLogger - Weather changed to: SUNNY
14:47:05.548 [Thread-11] INFO  ChargingStationLogger - EnergySource changed to: WIND
14:47:05.548 [Thread-11] INFO  ChargingStationLogger - Weather changed to: CLOUDY
14:47:07.282 [Thread-7] INFO  ChargingStationLogger - EnergySource changed to: WIND
14:47:07.283 [Thread-7] INFO  ChargingStationLogger - Weather changed to: WINDY
14:47:12.746 [Thread-11] INFO  ChargingStationLogger - EnergySource changed to: WIND
14:47:12.747 [Thread-11] INFO  ChargingStationLogger - Weather changed to: CLOUDY
14:47:13.040 [Thread-7] INFO  ChargingStationLogger - EnergySource changed to: GAS
14:47:13.041 [Thread-7] INFO  ChargingStationLogger - Weather changed to: SNOWING
14:47:19.315 [Thread-15] INFO  ChargingStationLogger - EnergySource changed to: WIND
14:47:19.315 [Thread-15] INFO  ChargingStationLogger - Weather changed to: WINDY
14:47:20.608 [Thread-11] INFO  ChargingStationLogger - EnergySource changed to: WIND
14:47:20.608 [Thread-11] INFO  ChargingStationLogger - Weather changed to: WINDY
14:47:27.393 [Thread-7] INFO  ChargingStationLogger - EnergySource changed to: GAS
14:47:27.393 [Thread-7] INFO  ChargingStationLogger - Weather changed to: SNOWING
14:47:33.590 [Thread-15] INFO  ChargingStationLogger - EnergySource changed to: WIND
14:47:33.590 [Thread-15] INFO  ChargingStationLogger - Weather changed to: CLOUDY
14:47:36.057 [Thread-7] INFO  ChargingStationLogger - EnergySource changed to: SOLAR
14:47:36.057 [Thread-7] INFO  ChargingStationLogger - Weather changed to: SUNNY
14:47:38.115 [Thread-11] INFO  ChargingStationLogger - EnergySource changed to: GAS
14:47:38.115 [Thread-11] INFO  ChargingStationLogger - Weather changed to: SNOWING
14:47:41.703 [Thread-15] INFO  ChargingStationLogger - EnergySource changed to: ELECTRICITY
14:47:41.703 [Thread-15] INFO  ChargingStationLogger - Weather changed to: RAINING
14:47:51.295 [Thread-7] INFO  ChargingStationLogger - EnergySource changed to: GAS
14:47:51.295 [Thread-7] INFO  ChargingStationLogger - Weather changed to: SNOWING
14:47:53.672 [Thread-15] INFO  ChargingStationLogger - EnergySource changed to: GAS
14:47:53.672 [Thread-15] INFO  ChargingStationLogger - Weather changed to: SNOWING
14:47:56.760 [Thread-11] INFO  ChargingStationLogger - EnergySource changed to: SOLAR
14:47:56.760 [Thread-11] INFO  ChargingStationLogger - Weather changed to: SUNNY
14:47:58.678 [Thread-15] INFO  ChargingStationLogger - EnergySource changed to: WIND
14:47:58.678 [Thread-15] INFO  ChargingStationLogger - Weather changed to: CLOUDY
14:48:01.346 [Thread-7] INFO  ChargingStationLogger - EnergySource changed to: SOLAR
14:48:01.346 [Thread-7] INFO  ChargingStationLogger - Weather changed to: SUNNY
14:48:13.414 [Thread-15] INFO  ChargingStationLogger - EnergySource changed to: ELECTRICITY
14:48:13.415 [Thread-15] INFO  ChargingStationLogger - Weather changed to: RAINING
14:48:15.539 [Thread-11] INFO  ChargingStationLogger - EnergySource changed to: ELECTRICITY
14:48:15.539 [Thread-11] INFO  ChargingStationLogger - Weather changed to: RAINING
14:48:20.211 [Thread-7] INFO  ChargingStationLogger - EnergySource changed to: SOLAR
14:48:20.211 [Thread-7] INFO  ChargingStationLogger - Weather changed to: SUNNY
14:48:26.107 [Thread-15] INFO  ChargingStationLogger - EnergySource changed to: SOLAR
14:48:26.107 [Thread-15] INFO  ChargingStationLogger - Weather changed to: SUNNY
14:48:30.329 [Thread-11] INFO  ChargingStationLogger - EnergySource changed to: SOLAR
14:48:30.330 [Thread-11] INFO  ChargingStationLogger - Weather changed to: SUNNY
14:48:31.273 [Thread-7] INFO  ChargingStationLogger - EnergySource changed to: ELECTRICITY
14:48:31.274 [Thread-7] INFO  ChargingStationLogger - Weather changed to: RAINING
14:48:34.244 [Thread-8] INFO  ChargingStationLogger - Car ID#11 is charging!
14:48:34.244 [Thread-12] INFO  ChargingStationLogger - Car ID#21 is charging!
14:48:34.244 [Thread-16] INFO  ChargingStationLogger - Car ID#31 is charging!
14:48:36.495 [Thread-8] INFO  ChargingStationLogger - Car ID#12 is charging!
14:48:37.157 [Thread-16] INFO  ChargingStationLogger - Car ID#32 is charging!
14:48:37.305 [Thread-12] INFO  ChargingStationLogger - Car ID#22 is charging!
14:48:39.785 [Thread-7] INFO  ChargingStationLogger - EnergySource changed to: WIND
14:48:39.785 [Thread-7] INFO  ChargingStationLogger - Weather changed to: CLOUDY
14:48:40.229 [Thread-8] INFO  ChargingStationLogger - Car ID#13 is charging!
14:48:41.892 [Thread-15] INFO  ChargingStationLogger - EnergySource changed to: WIND
14:48:41.892 [Thread-15] INFO  ChargingStationLogger - Weather changed to: CLOUDY
14:48:41.970 [Thread-16] INFO  ChargingStationLogger - Car ID#33 is charging!
14:48:42.477 [Thread-12] INFO  ChargingStationLogger - Car ID#23 is charging!
14:48:42.759 [Thread-11] INFO  ChargingStationLogger - EnergySource changed to: WIND
14:48:42.759 [Thread-11] INFO  ChargingStationLogger - Weather changed to: WINDY
14:48:43.017 [Thread-8] INFO  ChargingStationLogger - No charging spot is available now, waiting....
14:48:43.668 [Thread-12] INFO  ChargingStationLogger - No charging spot is available now, waiting....
14:48:45.169 [Thread-7] INFO  ChargingStationLogger - EnergySource changed to: WIND
14:48:45.170 [Thread-7] INFO  ChargingStationLogger - Weather changed to: WINDY
14:48:46.248 [Thread-8] INFO  ChargingStationLogger - Car ID#14 is charging!
14:48:47.717 [Thread-15] INFO  ChargingStationLogger - EnergySource changed to: ELECTRICITY
14:48:47.717 [Thread-15] INFO  ChargingStationLogger - Weather changed to: RAINING
14:48:48.002 [Thread-8] INFO  ChargingStationLogger - No charging spot is available now, waiting....
14:48:48.476 [Thread-16] INFO  ChargingStationLogger - No charging spot is available now, waiting....
14:48:52.511 [Thread-11] INFO  ChargingStationLogger - EnergySource changed to: WIND
14:48:52.511 [Thread-11] INFO  ChargingStationLogger - Weather changed to: CLOUDY
14:48:52.619 [Thread-11] INFO  ChargingStationLogger - EnergySource changed to: WIND
14:48:52.620 [Thread-11] INFO  ChargingStationLogger - Weather changed to: WINDY
14:48:53.400 [Thread-7] INFO  ChargingStationLogger - EnergySource changed to: WIND
14:48:53.401 [Thread-7] INFO  ChargingStationLogger - Weather changed to: WINDY
14:48:55.336 [Thread-15] INFO  ChargingStationLogger - EnergySource changed to: WIND
14:48:55.336 [Thread-15] INFO  ChargingStationLogger - Weather changed to: WINDY
14:48:55.559 [Thread-7] INFO  ChargingStationLogger - EnergySource changed to: GAS
14:48:55.559 [Thread-7] INFO  ChargingStationLogger - Weather changed to: SNOWING
14:48:57.891 [Thread-15] INFO  ChargingStationLogger - EnergySource changed to: GAS
14:48:57.892 [Thread-15] INFO  ChargingStationLogger - Weather changed to: SNOWING
14:48:58.756 [Thread-7] INFO  ChargingStationLogger - EnergySource changed to: GAS
14:48:58.757 [Thread-7] INFO  ChargingStationLogger - Weather changed to: SNOWING
14:49:02.403 [Thread-11] INFO  ChargingStationLogger - EnergySource changed to: SOLAR
14:49:02.404 [Thread-11] INFO  ChargingStationLogger - Weather changed to: SUNNY
14:49:03.446 [Thread-11] INFO  ChargingStationLogger - EnergySource changed to: ELECTRICITY
14:49:03.447 [Thread-11] INFO  ChargingStationLogger - Weather changed to: RAINING
14:49:06.244 [Thread-7] INFO  ChargingStationLogger - EnergySource changed to: WIND
14:49:06.244 [Thread-7] INFO  ChargingStationLogger - Weather changed to: WINDY
14:49:07.071 [Thread-16] INFO  ChargingStationLogger - Car ID#34 is charging!
14:49:09.338 [Thread-15] INFO  ChargingStationLogger - EnergySource changed to: WIND
14:49:09.338 [Thread-15] INFO  ChargingStationLogger - Weather changed to: CLOUDY
14:49:09.439 [Thread-11] INFO  ChargingStationLogger - EnergySource changed to: ELECTRICITY
14:49:09.439 [Thread-11] INFO  ChargingStationLogger - Weather changed to: RAINING
14:49:11.312 [Thread-16] INFO  ChargingStationLogger - No charging spot is available now, waiting....
14:49:13.866 [Thread-15] INFO  ChargingStationLogger - EnergySource changed to: ELECTRICITY
14:49:13.866 [Thread-15] INFO  ChargingStationLogger - Weather changed to: RAINING
14:49:15.224 [Thread-11] INFO  ChargingStationLogger - EnergySource changed to: GAS
14:49:15.224 [Thread-11] INFO  ChargingStationLogger - Weather changed to: SNOWING
14:49:17.662 [Thread-7] INFO  ChargingStationLogger - EnergySource changed to: GAS
14:49:17.662 [Thread-7] INFO  ChargingStationLogger - Weather changed to: SNOWING
14:49:18.309 [Thread-7] INFO  ChargingStationLogger - EnergySource changed to: GAS
14:49:18.309 [Thread-7] INFO  ChargingStationLogger - Weather changed to: SNOWING
14:49:18.600 [Thread-11] INFO  ChargingStationLogger - EnergySource changed to: ELECTRICITY
14:49:18.600 [Thread-11] INFO  ChargingStationLogger - Weather changed to: RAINING
14:49:24.249 [Thread-12] INFO  ChargingStationLogger - Car ID#24 is charging!
14:49:26.134 [Thread-7] INFO  ChargingStationLogger - EnergySource changed to: WIND
14:49:26.135 [Thread-7] INFO  ChargingStationLogger - Weather changed to: CLOUDY
14:49:28.323 [Thread-15] INFO  ChargingStationLogger - EnergySource changed to: WIND
14:49:28.323 [Thread-15] INFO  ChargingStationLogger - Weather changed to: CLOUDY
14:49:28.912 [Thread-7] INFO  ChargingStationLogger - EnergySource changed to: WIND
14:49:28.912 [Thread-7] INFO  ChargingStationLogger - Weather changed to: CLOUDY
14:49:29.717 [Thread-12] INFO  ChargingStationLogger - No charging spot is available now, waiting....
14:49:29.909 [Thread-15] INFO  ChargingStationLogger - EnergySource changed to: WIND
14:49:29.909 [Thread-15] INFO  ChargingStationLogger - Weather changed to: CLOUDY
14:49:30.821 [Thread-11] INFO  ChargingStationLogger - EnergySource changed to: ELECTRICITY
14:49:30.821 [Thread-11] INFO  ChargingStationLogger - Weather changed to: RAINING
14:49:35.073 [Thread-11] INFO  ChargingStationLogger - EnergySource changed to: WIND
14:49:35.073 [Thread-11] INFO  ChargingStationLogger - Weather changed to: WINDY
14:49:37.109 [Thread-11] INFO  ChargingStationLogger - EnergySource changed to: GAS
14:49:37.109 [Thread-11] INFO  ChargingStationLogger - Weather changed to: SNOWING
14:49:37.335 [Thread-7] INFO  ChargingStationLogger - EnergySource changed to: GAS
14:49:37.335 [Thread-7] INFO  ChargingStationLogger - Weather changed to: SNOWING
14:49:40.754 [Thread-15] INFO  ChargingStationLogger - EnergySource changed to: GAS
14:49:40.754 [Thread-15] INFO  ChargingStationLogger - Weather changed to: SNOWING
14:49:41.157 [Thread-15] INFO  ChargingStationLogger - EnergySource changed to: WIND
14:49:41.157 [Thread-15] INFO  ChargingStationLogger - Weather changed to: CLOUDY
14:49:43.446 [Thread-7] INFO  ChargingStationLogger - EnergySource changed to: WIND
14:49:43.446 [Thread-7] INFO  ChargingStationLogger - Weather changed to: WINDY
14:49:46.991 [Thread-15] INFO  ChargingStationLogger - EnergySource changed to: SOLAR
14:49:46.991 [Thread-15] INFO  ChargingStationLogger - Weather changed to: SUNNY
14:49:51.245 [Thread-11] INFO  ChargingStationLogger - EnergySource changed to: WIND
14:49:51.246 [Thread-11] INFO  ChargingStationLogger - Weather changed to: CLOUDY
14:49:52.120 [Thread-7] INFO  ChargingStationLogger - EnergySource changed to: WIND
14:49:52.120 [Thread-7] INFO  ChargingStationLogger - Weather changed to: CLOUDY
14:49:53.083 [Thread-15] INFO  ChargingStationLogger - EnergySource changed to: ELECTRICITY
14:49:53.083 [Thread-15] INFO  ChargingStationLogger - Weather changed to: RAINING
14:49:54.536 [Thread-7] INFO  ChargingStationLogger - EnergySource changed to: WIND
14:49:54.536 [Thread-7] INFO  ChargingStationLogger - Weather changed to: WINDY
14:49:55.927 [Thread-11] INFO  ChargingStationLogger - EnergySource changed to: GAS
14:49:55.927 [Thread-11] INFO  ChargingStationLogger - Weather changed to: SNOWING
14:49:57.133 [Thread-15] INFO  ChargingStationLogger - EnergySource changed to: ELECTRICITY
14:49:57.133 [Thread-15] INFO  ChargingStationLogger - Weather changed to: RAINING
14:50:04.265 [Thread-7] INFO  ChargingStationLogger - EnergySource changed to: WIND
14:50:04.265 [Thread-7] INFO  ChargingStationLogger - Weather changed to: WINDY
14:50:05.245 [Thread-15] INFO  ChargingStationLogger - EnergySource changed to: SOLAR
14:50:05.245 [Thread-15] INFO  ChargingStationLogger - Weather changed to: SUNNY
14:50:06.405 [Thread-15] INFO  ChargingStationLogger - EnergySource changed to: WIND
14:50:06.405 [Thread-15] INFO  ChargingStationLogger - Weather changed to: CLOUDY
14:50:07.527 [Thread-7] INFO  ChargingStationLogger - EnergySource changed to: GAS
14:50:07.527 [Thread-7] INFO  ChargingStationLogger - Weather changed to: SNOWING
14:50:09.153 [Thread-11] INFO  ChargingStationLogger - EnergySource changed to: GAS
14:50:09.153 [Thread-11] INFO  ChargingStationLogger - Weather changed to: SNOWING
14:50:10.778 [Thread-11] INFO  ChargingStationLogger - EnergySource changed to: WIND
14:50:10.778 [Thread-11] INFO  ChargingStationLogger - Weather changed to: CLOUDY
14:50:16.600 [Thread-11] INFO  ChargingStationLogger - EnergySource changed to: WIND
14:50:16.601 [Thread-11] INFO  ChargingStationLogger - Weather changed to: CLOUDY
14:50:17.709 [Thread-11] INFO  ChargingStationLogger - EnergySource changed to: SOLAR
14:50:17.709 [Thread-11] INFO  ChargingStationLogger - Weather changed to: SUNNY
14:50:21.194 [Thread-15] INFO  ChargingStationLogger - EnergySource changed to: WIND
14:50:21.195 [Thread-15] INFO  ChargingStationLogger - Weather changed to: WINDY
14:50:22.612 [Thread-7] INFO  ChargingStationLogger - EnergySource changed to: WIND
14:50:22.612 [Thread-7] INFO  ChargingStationLogger - Weather changed to: CLOUDY
14:50:22.847 [Thread-11] INFO  ChargingStationLogger - EnergySource changed to: SOLAR
14:50:22.847 [Thread-11] INFO  ChargingStationLogger - Weather changed to: SUNNY
14:50:23.220 [Thread-7] INFO  ChargingStationLogger - EnergySource changed to: ELECTRICITY
14:50:23.220 [Thread-7] INFO  ChargingStationLogger - Weather changed to: RAINING
14:50:24.584 [Thread-11] INFO  ChargingStationLogger - EnergySource changed to: SOLAR
14:50:24.584 [Thread-11] INFO  ChargingStationLogger - Weather changed to: SUNNY
14:50:25.299 [Thread-15] INFO  ChargingStationLogger - EnergySource changed to: GAS
14:50:25.299 [Thread-15] INFO  ChargingStationLogger - Weather changed to: SNOWING
14:50:28.385 [Thread-11] INFO  ChargingStationLogger - EnergySource changed to: GAS
14:50:28.385 [Thread-11] INFO  ChargingStationLogger - Weather changed to: SNOWING
14:50:30.539 [Thread-11] INFO  ChargingStationLogger - EnergySource changed to: WIND
14:50:30.540 [Thread-11] INFO  ChargingStationLogger - Weather changed to: CLOUDY
14:50:31.572 [Thread-15] INFO  ChargingStationLogger - EnergySource changed to: WIND
14:50:31.572 [Thread-15] INFO  ChargingStationLogger - Weather changed to: WINDY
14:50:31.957 [Thread-7] INFO  ChargingStationLogger - EnergySource changed to: ELECTRICITY
14:50:31.957 [Thread-7] INFO  ChargingStationLogger - Weather changed to: RAINING
14:50:32.436 [Thread-7] INFO  ChargingStationLogger - EnergySource changed to: GAS
14:50:32.436 [Thread-7] INFO  ChargingStationLogger - Weather changed to: SNOWING
14:50:34.099 [Thread-8] INFO  ChargingStationLogger - Car ID#11 is charging!
14:50:34.099 [Thread-12] INFO  ChargingStationLogger - Car ID#21 is charging!
14:50:34.099 [Thread-16] INFO  ChargingStationLogger - Car ID#31 is charging!
14:50:35.279 [Thread-8] INFO  ChargingStationLogger - Car ID#12 is charging!
14:50:35.768 [Thread-11] INFO  ChargingStationLogger - EnergySource changed to: SOLAR
14:50:35.768 [Thread-11] INFO  ChargingStationLogger - Weather changed to: SUNNY
14:50:37.030 [Thread-11] INFO  ChargingStationLogger - EnergySource changed to: SOLAR
14:50:37.030 [Thread-11] INFO  ChargingStationLogger - Weather changed to: SUNNY
14:50:37.382 [Thread-12] INFO  ChargingStationLogger - Car ID#22 is charging!
14:50:38.022 [Thread-8] INFO  ChargingStationLogger - Car ID#13 is charging!
14:50:38.604 [Thread-15] INFO  ChargingStationLogger - EnergySource changed to: ELECTRICITY
14:50:38.605 [Thread-15] INFO  ChargingStationLogger - Weather changed to: RAINING
14:50:39.224 [Thread-8] INFO  ChargingStationLogger - No charging spot is available now, waiting....
14:50:40.176 [Thread-15] INFO  ChargingStationLogger - EnergySource changed to: ELECTRICITY
14:50:40.176 [Thread-15] INFO  ChargingStationLogger - Weather changed to: RAINING
14:50:40.339 [Thread-12] INFO  ChargingStationLogger - Car ID#23 is charging!
14:50:40.828 [Thread-16] INFO  ChargingStationLogger - Car ID#32 is charging!
14:50:41.994 [Thread-11] INFO  ChargingStationLogger - EnergySource changed to: SOLAR
14:50:41.994 [Thread-11] INFO  ChargingStationLogger - Weather changed to: SUNNY
14:50:42.825 [Thread-16] INFO  ChargingStationLogger - Car ID#33 is charging!
14:50:44.853 [Thread-11] INFO  ChargingStationLogger - EnergySource changed to: WIND
14:50:44.853 [Thread-11] INFO  ChargingStationLogger - Weather changed to: CLOUDY
14:50:45.151 [Thread-12] INFO  ChargingStationLogger - No charging spot is available now, waiting....
14:50:45.399 [Thread-7] INFO  ChargingStationLogger - EnergySource changed to: SOLAR
14:50:45.399 [Thread-7] INFO  ChargingStationLogger - Weather changed to: SUNNY
14:50:46.104 [Thread-8] INFO  ChargingStationLogger - Car ID#14 is charging!
14:50:46.407 [Thread-7] INFO  ChargingStationLogger - EnergySource changed to: GAS
14:50:46.407 [Thread-7] INFO  ChargingStationLogger - Weather changed to: SNOWING
14:50:48.007 [Thread-15] INFO  ChargingStationLogger - EnergySource changed to: WIND
14:50:48.007 [Thread-15] INFO  ChargingStationLogger - Weather changed to: WINDY
14:50:48.204 [Thread-15] INFO  ChargingStationLogger - EnergySource changed to: WIND
14:50:48.204 [Thread-15] INFO  ChargingStationLogger - Weather changed to: WINDY
14:50:48.267 [Thread-16] INFO  ChargingStationLogger - Car ID#35 is charging!
14:50:49.097 [Thread-15] INFO  ChargingStationLogger - EnergySource changed to: WIND
14:50:49.097 [Thread-15] INFO  ChargingStationLogger - Weather changed to: CLOUDY
14:50:49.518 [Thread-16] INFO  ChargingStationLogger - No charging spot is available now, waiting....
14:50:49.864 [Thread-8] INFO  ChargingStationLogger - No charging spot is available now, waiting....
14:50:51.146 [Thread-7] INFO  ChargingStationLogger - EnergySource changed to: SOLAR
14:50:51.146 [Thread-7] INFO  ChargingStationLogger - Weather changed to: SUNNY
14:50:54.407 [Thread-11] INFO  ChargingStationLogger - EnergySource changed to: WIND
14:50:54.407 [Thread-11] INFO  ChargingStationLogger - Weather changed to: CLOUDY
14:50:57.116 [Thread-7] INFO  ChargingStationLogger - EnergySource changed to: ELECTRICITY
14:50:57.116 [Thread-7] INFO  ChargingStationLogger - Weather changed to: RAINING
14:50:57.398 [Thread-11] INFO  ChargingStationLogger - EnergySource changed to: ELECTRICITY
14:50:57.399 [Thread-11] INFO  ChargingStationLogger - Weather changed to: RAINING
14:51:01.313 [Thread-11] INFO  ChargingStationLogger - EnergySource changed to: ELECTRICITY
14:51:01.313 [Thread-11] INFO  ChargingStationLogger - Weather changed to: RAINING
14:51:01.688 [Thread-7] INFO  ChargingStationLogger - EnergySource changed to: GAS
14:51:01.688 [Thread-7] INFO  ChargingStationLogger - Weather changed to: SNOWING
14:51:01.975 [Thread-7] INFO  ChargingStationLogger - EnergySource changed to: WIND
14:51:01.975 [Thread-7] INFO  ChargingStationLogger - Weather changed to: CLOUDY
14:51:04.952 [Thread-15] INFO  ChargingStationLogger - EnergySource changed to: GAS
14:51:04.952 [Thread-15] INFO  ChargingStationLogger - Weather changed to: SNOWING
14:51:05.055 [Thread-15] INFO  ChargingStationLogger - EnergySource changed to: WIND
14:51:05.055 [Thread-15] INFO  ChargingStationLogger - Weather changed to: CLOUDY
14:51:06.195 [Thread-15] INFO  ChargingStationLogger - EnergySource changed to: ELECTRICITY
14:51:06.195 [Thread-15] INFO  ChargingStationLogger - Weather changed to: RAINING
14:51:06.363 [Thread-11] INFO  ChargingStationLogger - EnergySource changed to: WIND
14:51:06.363 [Thread-11] INFO  ChargingStationLogger - Weather changed to: WINDY
14:51:12.530 [Thread-7] INFO  ChargingStationLogger - EnergySource changed to: SOLAR
14:51:12.531 [Thread-7] INFO  ChargingStationLogger - Weather changed to: SUNNY
14:51:13.896 [Thread-11] INFO  ChargingStationLogger - EnergySource changed to: WIND
14:51:13.896 [Thread-11] INFO  ChargingStationLogger - Weather changed to: CLOUDY
14:51:17.435 [Thread-7] INFO  ChargingStationLogger - EnergySource changed to: ELECTRICITY
14:51:17.435 [Thread-7] INFO  ChargingStationLogger - Weather changed to: RAINING
14:51:20.647 [Thread-7] INFO  ChargingStationLogger - EnergySource changed to: ELECTRICITY
14:51:20.647 [Thread-7] INFO  ChargingStationLogger - Weather changed to: RAINING
14:51:21.431 [Thread-15] INFO  ChargingStationLogger - EnergySource changed to: ELECTRICITY
14:51:21.432 [Thread-15] INFO  ChargingStationLogger - Weather changed to: RAINING
14:51:31.890 [Thread-11] INFO  ChargingStationLogger - EnergySource changed to: WIND
14:51:31.890 [Thread-11] INFO  ChargingStationLogger - Weather changed to: WINDY
14:51:34.388 [Thread-7] INFO  ChargingStationLogger - EnergySource changed to: GAS
14:51:34.388 [Thread-7] INFO  ChargingStationLogger - Weather changed to: SNOWING
14:51:35.329 [Thread-15] INFO  ChargingStationLogger - EnergySource changed to: SOLAR
14:51:35.329 [Thread-15] INFO  ChargingStationLogger - Weather changed to: SUNNY
